<?xml version="1.0" encoding="UTF-8"?>
<testsuite name="TddPractice" tests="2" skipped="0" failures="0" errors="0" timestamp="2021-03-10T11:17:41" hostname="DESKTOP-3UMS86V" time="0.082">
  <properties/>
  <testcase name="컬랙션_테스트()" classname="TddPractice" time="0.072"/>
  <testcase name="스플릿_테스트()" classname="TddPractice" time="0.01"/>
  <system-out><![CDATA[]]></system-out>
  <system-err><![CDATA[]]></system-err>
</testsuite>
